<?xml version="1.0" encoding="UTF-8"?>
<!-- Generated by org.testng.reporters.JUnitReportReporter -->
<testsuite skipped="0" hostname="Sainis-MacBook-Pro.local" name="ExtractDerivativeData" tests="6" failures="0" timestamp="2023-01-10T15:23:05 AEDT" time="18.529" errors="0">
  <testcase name="writeTargetedStrikePriceData" time="4.410" classname="ExtractDerivativeData"/>
  <system-out/>
  <testcase name="fetchDerivativeData" time="4.437" classname="ExtractDerivativeData"/>
  <system-out/>
  <testcase name="writeTargetedStrikePriceData" time="2.145" classname="ExtractDerivativeData"/>
  <system-out/>
  <testcase name="marketDirectionData" time="0.243" classname="ExtractDerivativeData"/>
  <system-out/>
  <testcase name="fetchDerivativeData" time="6.900" classname="ExtractDerivativeData"/>
  <system-out/>
  <testcase name="marketDirectionData" time="0.394" classname="ExtractDerivativeData"/>
  <system-out/>
</testsuite> <!-- ExtractDerivativeData -->
